<?xml version="1.0" encoding="UTF-8"?>
<testsuite xmlns:xsi="http://www.w3.org/2001/XMLSchema-instance" xsi:noNamespaceSchemaLocation="https://maven.apache.org/surefire/maven-surefire-plugin/xsd/surefire-test-report-3.0.xsd" version="3.0" name="com.clearscale.legacy.inventory.service.InventoryServiceTest" time="0.017" tests="5" errors="0" skipped="0" failures="0">
  <properties>
    <property name="java.specification.version" value="17"/>
    <property name="sun.jnu.encoding" value="UTF-8"/>
    <property name="java.class.path" value="/Users/dmernst/Documents/git/inventory-management-system/target/test-classes:/Users/dmernst/Documents/git/inventory-management-system/target/classes:/Users/dmernst/.m2/repository/org/springframework/spring-core/4.3.30.RELEASE/spring-core-4.3.30.RELEASE.jar:/Users/dmernst/.m2/repository/commons-logging/commons-logging/1.2/commons-logging-1.2.jar:/Users/dmernst/.m2/repository/org/springframework/spring-context/4.3.30.RELEASE/spring-context-4.3.30.RELEASE.jar:/Users/dmernst/.m2/repository/org/springframework/spring-aop/4.3.30.RELEASE/spring-aop-4.3.30.RELEASE.jar:/Users/dmernst/.m2/repository/org/springframework/spring-beans/4.3.30.RELEASE/spring-beans-4.3.30.RELEASE.jar:/Users/dmernst/.m2/repository/org/springframework/spring-expression/4.3.30.RELEASE/spring-expression-4.3.30.RELEASE.jar:/Users/dmernst/.m2/repository/org/springframework/spring-orm/4.3.30.RELEASE/spring-orm-4.3.30.RELEASE.jar:/Users/dmernst/.m2/repository/org/springframework/spring-jdbc/4.3.30.RELEASE/spring-jdbc-4.3.30.RELEASE.jar:/Users/dmernst/.m2/repository/org/springframework/spring-tx/4.3.30.RELEASE/spring-tx-4.3.30.RELEASE.jar:/Users/dmernst/.m2/repository/org/hibernate/hibernate-core/4.3.11.Final/hibernate-core-4.3.11.Final.jar:/Users/dmernst/.m2/repository/org/jboss/logging/jboss-logging/3.1.3.GA/jboss-logging-3.1.3.GA.jar:/Users/dmernst/.m2/repository/org/jboss/logging/jboss-logging-annotations/1.2.0.Beta1/jboss-logging-annotations-1.2.0.Beta1.jar:/Users/dmernst/.m2/repository/org/jboss/spec/javax/transaction/jboss-transaction-api_1.2_spec/1.0.0.Final/jboss-transaction-api_1.2_spec-1.0.0.Final.jar:/Users/dmernst/.m2/repository/dom4j/dom4j/1.6.1/dom4j-1.6.1.jar:/Users/dmernst/.m2/repository/xml-apis/xml-apis/1.0.b2/xml-apis-1.0.b2.jar:/Users/dmernst/.m2/repository/org/hibernate/common/hibernate-commons-annotations/4.0.5.Final/hibernate-commons-annotations-4.0.5.Final.jar:/Users/dmernst/.m2/repository/org/hibernate/javax/persistence/hibernate-jpa-2.1-api/1.0.0.Final/hibernate-jpa-2.1-api-1.0.0.Final.jar:/Users/dmernst/.m2/repository/org/javassist/javassist/3.18.1-GA/javassist-3.18.1-GA.jar:/Users/dmernst/.m2/repository/antlr/antlr/2.7.7/antlr-2.7.7.jar:/Users/dmernst/.m2/repository/org/jboss/jandex/1.1.0.Final/jandex-1.1.0.Final.jar:/Users/dmernst/.m2/repository/org/apache/commons/commons-lang3/3.5/commons-lang3-3.5.jar:/Users/dmernst/.m2/repository/com/fasterxml/jackson/core/jackson-databind/2.8.11/jackson-databind-2.8.11.jar:/Users/dmernst/.m2/repository/com/fasterxml/jackson/core/jackson-annotations/2.8.0/jackson-annotations-2.8.0.jar:/Users/dmernst/.m2/repository/com/fasterxml/jackson/core/jackson-core/2.8.10/jackson-core-2.8.10.jar:/Users/dmernst/.m2/repository/junit/junit/4.12/junit-4.12.jar:/Users/dmernst/.m2/repository/org/hamcrest/hamcrest-core/1.3/hamcrest-core-1.3.jar:/Users/dmernst/.m2/repository/com/h2database/h2/1.4.200/h2-1.4.200.jar:"/>
    <property name="java.vm.vendor" value="Homebrew"/>
    <property name="sun.arch.data.model" value="64"/>
    <property name="java.vendor.url" value="https://github.com/Homebrew/homebrew-core/issues"/>
    <property name="os.name" value="Mac OS X"/>
    <property name="java.vm.specification.version" value="17"/>
    <property name="sun.java.launcher" value="SUN_STANDARD"/>
    <property name="user.country" value="US"/>
    <property name="sun.boot.library.path" value="/opt/homebrew/Cellar/openjdk@17/17.0.15/libexec/openjdk.jdk/Contents/Home/lib"/>
    <property name="sun.java.command" value="/Users/dmernst/Documents/git/inventory-management-system/target/surefire/surefirebooter-20250611125101535_3.jar /Users/dmernst/Documents/git/inventory-management-system/target/surefire 2025-06-11T12-51-01_325-jvmRun1 surefire-20250611125101535_1tmp surefire_0-20250611125101535_2tmp"/>
    <property name="http.nonProxyHosts" value="local|*.local|169.254/16|*.169.254/16"/>
    <property name="jdk.debug" value="release"/>
    <property name="surefire.test.class.path" value="/Users/dmernst/Documents/git/inventory-management-system/target/test-classes:/Users/dmernst/Documents/git/inventory-management-system/target/classes:/Users/dmernst/.m2/repository/org/springframework/spring-core/4.3.30.RELEASE/spring-core-4.3.30.RELEASE.jar:/Users/dmernst/.m2/repository/commons-logging/commons-logging/1.2/commons-logging-1.2.jar:/Users/dmernst/.m2/repository/org/springframework/spring-context/4.3.30.RELEASE/spring-context-4.3.30.RELEASE.jar:/Users/dmernst/.m2/repository/org/springframework/spring-aop/4.3.30.RELEASE/spring-aop-4.3.30.RELEASE.jar:/Users/dmernst/.m2/repository/org/springframework/spring-beans/4.3.30.RELEASE/spring-beans-4.3.30.RELEASE.jar:/Users/dmernst/.m2/repository/org/springframework/spring-expression/4.3.30.RELEASE/spring-expression-4.3.30.RELEASE.jar:/Users/dmernst/.m2/repository/org/springframework/spring-orm/4.3.30.RELEASE/spring-orm-4.3.30.RELEASE.jar:/Users/dmernst/.m2/repository/org/springframework/spring-jdbc/4.3.30.RELEASE/spring-jdbc-4.3.30.RELEASE.jar:/Users/dmernst/.m2/repository/org/springframework/spring-tx/4.3.30.RELEASE/spring-tx-4.3.30.RELEASE.jar:/Users/dmernst/.m2/repository/org/hibernate/hibernate-core/4.3.11.Final/hibernate-core-4.3.11.Final.jar:/Users/dmernst/.m2/repository/org/jboss/logging/jboss-logging/3.1.3.GA/jboss-logging-3.1.3.GA.jar:/Users/dmernst/.m2/repository/org/jboss/logging/jboss-logging-annotations/1.2.0.Beta1/jboss-logging-annotations-1.2.0.Beta1.jar:/Users/dmernst/.m2/repository/org/jboss/spec/javax/transaction/jboss-transaction-api_1.2_spec/1.0.0.Final/jboss-transaction-api_1.2_spec-1.0.0.Final.jar:/Users/dmernst/.m2/repository/dom4j/dom4j/1.6.1/dom4j-1.6.1.jar:/Users/dmernst/.m2/repository/xml-apis/xml-apis/1.0.b2/xml-apis-1.0.b2.jar:/Users/dmernst/.m2/repository/org/hibernate/common/hibernate-commons-annotations/4.0.5.Final/hibernate-commons-annotations-4.0.5.Final.jar:/Users/dmernst/.m2/repository/org/hibernate/javax/persistence/hibernate-jpa-2.1-api/1.0.0.Final/hibernate-jpa-2.1-api-1.0.0.Final.jar:/Users/dmernst/.m2/repository/org/javassist/javassist/3.18.1-GA/javassist-3.18.1-GA.jar:/Users/dmernst/.m2/repository/antlr/antlr/2.7.7/antlr-2.7.7.jar:/Users/dmernst/.m2/repository/org/jboss/jandex/1.1.0.Final/jandex-1.1.0.Final.jar:/Users/dmernst/.m2/repository/org/apache/commons/commons-lang3/3.5/commons-lang3-3.5.jar:/Users/dmernst/.m2/repository/com/fasterxml/jackson/core/jackson-databind/2.8.11/jackson-databind-2.8.11.jar:/Users/dmernst/.m2/repository/com/fasterxml/jackson/core/jackson-annotations/2.8.0/jackson-annotations-2.8.0.jar:/Users/dmernst/.m2/repository/com/fasterxml/jackson/core/jackson-core/2.8.10/jackson-core-2.8.10.jar:/Users/dmernst/.m2/repository/junit/junit/4.12/junit-4.12.jar:/Users/dmernst/.m2/repository/org/hamcrest/hamcrest-core/1.3/hamcrest-core-1.3.jar:/Users/dmernst/.m2/repository/com/h2database/h2/1.4.200/h2-1.4.200.jar:"/>
    <property name="sun.cpu.endian" value="little"/>
    <property name="user.home" value="/Users/dmernst"/>
    <property name="user.language" value="en"/>
    <property name="java.specification.vendor" value="Oracle Corporation"/>
    <property name="java.version.date" value="2025-04-15"/>
    <property name="java.home" value="/opt/homebrew/Cellar/openjdk@17/17.0.15/libexec/openjdk.jdk/Contents/Home"/>
    <property name="file.separator" value="/"/>
    <property name="basedir" value="/Users/dmernst/Documents/git/inventory-management-system"/>
    <property name="java.vm.compressedOopsMode" value="Zero based"/>
    <property name="line.separator" value="&#10;"/>
    <property name="java.specification.name" value="Java Platform API Specification"/>
    <property name="java.vm.specification.vendor" value="Oracle Corporation"/>
    <property name="surefire.real.class.path" value="/Users/dmernst/Documents/git/inventory-management-system/target/surefire/surefirebooter-20250611125101535_3.jar"/>
    <property name="sun.management.compiler" value="HotSpot 64-Bit Tiered Compilers"/>
    <property name="ftp.nonProxyHosts" value="local|*.local|169.254/16|*.169.254/16"/>
    <property name="java.runtime.version" value="17.0.15+0"/>
    <property name="user.name" value="dmernst"/>
    <property name="path.separator" value=":"/>
    <property name="os.version" value="15.5"/>
    <property name="java.runtime.name" value="OpenJDK Runtime Environment"/>
    <property name="file.encoding" value="UTF-8"/>
    <property name="java.vm.name" value="OpenJDK 64-Bit Server VM"/>
    <property name="java.vendor.version" value="Homebrew"/>
    <property name="localRepository" value="/Users/dmernst/.m2/repository"/>
    <property name="java.vendor.url.bug" value="https://github.com/Homebrew/homebrew-core/issues"/>
    <property name="java.io.tmpdir" value="/var/folders/yj/7qrpqd910md4m2726qm6xgjr0000gn/T/"/>
    <property name="java.version" value="17.0.15"/>
    <property name="user.dir" value="/Users/dmernst/Documents/git/inventory-management-system"/>
    <property name="os.arch" value="aarch64"/>
    <property name="java.vm.specification.name" value="Java Virtual Machine Specification"/>
    <property name="native.encoding" value="UTF-8"/>
    <property name="java.library.path" value="/Users/dmernst/Library/Java/Extensions:/Library/Java/Extensions:/Network/Library/Java/Extensions:/System/Library/Java/Extensions:/usr/lib/java:."/>
    <property name="java.vm.info" value="mixed mode, sharing"/>
    <property name="java.vendor" value="Homebrew"/>
    <property name="java.vm.version" value="17.0.15+0"/>
    <property name="java.specification.maintenance.version" value="1"/>
    <property name="sun.io.unicode.encoding" value="UnicodeBig"/>
    <property name="socksNonProxyHosts" value="local|*.local|169.254/16|*.169.254/16"/>
    <property name="java.class.version" value="61.0"/>
  </properties>
  <testcase name="testGetProductsByCategory" classname="com.clearscale.legacy.inventory.service.InventoryServiceTest" time="0.001"/>
  <testcase name="testAddProductWithNullName" classname="com.clearscale.legacy.inventory.service.InventoryServiceTest" time="0.0"/>
  <testcase name="testUpdateProductQuantity" classname="com.clearscale.legacy.inventory.service.InventoryServiceTest" time="0.0"/>
  <testcase name="testAddProduct" classname="com.clearscale.legacy.inventory.service.InventoryServiceTest" time="0.0"/>
  <testcase name="testGetProductById" classname="com.clearscale.legacy.inventory.service.InventoryServiceTest" time="0.001"/>
</testsuite>